<?xml version="1.0" encoding="UTF-8"?>
<!-- Generated by org.testng.reporters.JUnitReportReporter -->
<testsuite hostname="DESKTOP-SBQ3GOM" failures="0" tests="8" name="com.home.test.NavbarTest" time="25.307" errors="0" timestamp="2023-06-13T20:42:51 AST" skipped="0">
  <testcase classname="com.home.test.NavbarTest" name="testFindJobs" time="2.519"/>
  <system-out/>
  <testcase classname="com.home.test.NavbarTest" name="testRegister" time="2.981"/>
  <system-out/>
  <testcase classname="com.home.test.NavbarTest" name="testcvServices" time="2.449"/>
  <system-out/>
  <testcase classname="com.home.test.NavbarTest" name="testLogin" time="2.717"/>
  <system-out/>
  <testcase classname="com.home.test.NavbarTest" name="testLogo" time="2.666"/>
  <system-out/>
  <testcase classname="com.home.test.NavbarTest" name="testCreateYourCV" time="3.144"/>
  <system-out/>
  <testcase classname="com.home.test.NavbarTest" name="testForEmployers" time="5.623"/>
  <system-out/>
  <testcase classname="com.home.test.NavbarTest" name="testBlog" time="3.208"/>
  <system-out/>
</testsuite> <!-- com.home.test.NavbarTest -->
