<?xml version="1.0" encoding="UTF-8"?>
<!-- Generated by org.testng.reporters.JUnitReportReporter -->
<testsuite hostname="DESKTOP-SBQ3GOM" failures="0" tests="1" name="com.login.test.LoginTest" time="24.785" errors="0" timestamp="2023-06-12T15:52:06 AST" skipped="0">
  <testcase classname="com.login.test.LoginTest" name="testLogin" time="24.785"/>
  <system-out/>
</testsuite> <!-- com.login.test.LoginTest -->
